C:\Program Files\Microsoft Visual Studio\2022\Community\MSBuild\Microsoft\VC\v170\Microsoft.CppBuild.targets(517,5): warning MSB8004: Output ディレクトリの末尾がスラッシュではありません。Output ディレクトリが適切に評価されるようにするために、このビルド インスタンスによってスラッシュが追加されます。
  linear_algebra.cpp
C:\ResearchPrograms\CCD_controller_windows_form\OpenBLAS-0.3.27-x64\include\lapacke.h(58,69): warning C4190: 'lapack_make_complex_float' は C リンケージ指定ですが、C と互換性のないユーザー定義の型 'std::complex<float>' を返しています。
  (ソース ファイル 'MCR-ALS/linear_algebra.cpp' をコンパイルしています)
  C:\Program Files\Microsoft Visual Studio\2022\Community\VC\Tools\MSVC\14.39.33519\include\complex(1020,7):
  'std::complex<float>' の宣言を確認してください
  
C:\ResearchPrograms\CCD_controller_windows_form\OpenBLAS-0.3.27-x64\include\lapacke.h(59,73): warning C4190: 'lapack_make_complex_double' は C リンケージ指定ですが、C と互換性のないユーザー定義の型 'std::complex<double>' を返しています。
  (ソース ファイル 'MCR-ALS/linear_algebra.cpp' をコンパイルしています)
  C:\Program Files\Microsoft Visual Studio\2022\Community\VC\Tools\MSVC\14.39.33519\include\complex(1111,7):
  'std::complex<double>' の宣言を確認してください
  
C:\ResearchPrograms\CCD_controller_windows_form\MCR_ALS\MCR-ALS\linear_algebra.cpp(286,46): warning C4267: '+=': 'size_t' から 'int' に変換しました。データが失われているかもしれません。
C:\ResearchPrograms\CCD_controller_windows_form\MCR_ALS\MCR-ALS\linear_algebra.cpp(288,50): warning C4267: '+=': 'size_t' から 'int' に変換しました。データが失われているかもしれません。
C:\ResearchPrograms\CCD_controller_windows_form\MCR_ALS\MCR-ALS\linear_algebra.cpp(290,54): warning C4267: '+=': 'size_t' から 'int' に変換しました。データが失われているかもしれません。
  MCR-ALS.cpp
C:\ResearchPrograms\CCD_controller_windows_form\MCR_ALS\MCR-ALS\utils.hpp(1,1): warning C4819: ファイルは、現在のコード ページ (932) で表示できない文字を含んでいます。データの損失を防ぐために、ファイルを Unicode 形式で保存してください。
  (ソース ファイル 'MCR-ALS/MCR-ALS.cpp' をコンパイルしています)
  
C:\ResearchPrograms\CCD_controller_windows_form\OpenBLAS-0.3.27-x64\include\lapacke.h(58,69): warning C4190: 'lapack_make_complex_float' は C リンケージ指定ですが、C と互換性のないユーザー定義の型 'std::complex<float>' を返しています。
  (ソース ファイル 'MCR-ALS/MCR-ALS.cpp' をコンパイルしています)
  C:\Program Files\Microsoft Visual Studio\2022\Community\VC\Tools\MSVC\14.39.33519\include\complex(1020,7):
  'std::complex<float>' の宣言を確認してください
  
C:\ResearchPrograms\CCD_controller_windows_form\OpenBLAS-0.3.27-x64\include\lapacke.h(59,73): warning C4190: 'lapack_make_complex_double' は C リンケージ指定ですが、C と互換性のないユーザー定義の型 'std::complex<double>' を返しています。
  (ソース ファイル 'MCR-ALS/MCR-ALS.cpp' をコンパイルしています)
  C:\Program Files\Microsoft Visual Studio\2022\Community\VC\Tools\MSVC\14.39.33519\include\complex(1111,7):
  'std::complex<double>' の宣言を確認してください
  
C:\ResearchPrograms\CCD_controller_windows_form\MCR_ALS\MCR-ALS\MCR-ALS.cpp(41,18): warning C4129: 'e': エスケープ シーケンスとして正しく認識されませんでした。
C:\ResearchPrograms\CCD_controller_windows_form\MCR_ALS\MCR-ALS\MCR-ALS.cpp(41,119): warning C4129: 'e': エスケープ シーケンスとして正しく認識されませんでした。
  Regressors.cpp
C:\ResearchPrograms\CCD_controller_windows_form\MCR_ALS\MCR-ALS\utils.hpp(1,1): warning C4819: ファイルは、現在のコード ページ (932) で表示できない文字を含んでいます。データの損失を防ぐために、ファイルを Unicode 形式で保存してください。
  (ソース ファイル 'MCR-ALS/Regressors.cpp' をコンパイルしています)
  
C:\ResearchPrograms\CCD_controller_windows_form\OpenBLAS-0.3.27-x64\include\lapacke.h(58,69): warning C4190: 'lapack_make_complex_float' は C リンケージ指定ですが、C と互換性のないユーザー定義の型 'std::complex<float>' を返しています。
  (ソース ファイル 'MCR-ALS/Regressors.cpp' をコンパイルしています)
  C:\Program Files\Microsoft Visual Studio\2022\Community\VC\Tools\MSVC\14.39.33519\include\complex(1020,7):
  'std::complex<float>' の宣言を確認してください
  
C:\ResearchPrograms\CCD_controller_windows_form\OpenBLAS-0.3.27-x64\include\lapacke.h(59,73): warning C4190: 'lapack_make_complex_double' は C リンケージ指定ですが、C と互換性のないユーザー定義の型 'std::complex<double>' を返しています。
  (ソース ファイル 'MCR-ALS/Regressors.cpp' をコンパイルしています)
  C:\Program Files\Microsoft Visual Studio\2022\Community\VC\Tools\MSVC\14.39.33519\include\complex(1111,7):
  'std::complex<double>' の宣言を確認してください
  
  utils.cpp
C:\ResearchPrograms\CCD_controller_windows_form\MCR_ALS\MCR-ALS\utils.hpp(1,1): warning C4819: ファイルは、現在のコード ページ (932) で表示できない文字を含んでいます。データの損失を防ぐために、ファイルを Unicode 形式で保存してください。
  (ソース ファイル 'MCR-ALS/utils.cpp' をコンパイルしています)
  
C:\ResearchPrograms\CCD_controller_windows_form\OpenBLAS-0.3.27-x64\include\lapacke.h(58,69): warning C4190: 'lapack_make_complex_float' は C リンケージ指定ですが、C と互換性のないユーザー定義の型 'std::complex<float>' を返しています。
  (ソース ファイル 'MCR-ALS/utils.cpp' をコンパイルしています)
  C:\Program Files\Microsoft Visual Studio\2022\Community\VC\Tools\MSVC\14.39.33519\include\complex(1020,7):
  'std::complex<float>' の宣言を確認してください
  
C:\ResearchPrograms\CCD_controller_windows_form\OpenBLAS-0.3.27-x64\include\lapacke.h(59,73): warning C4190: 'lapack_make_complex_double' は C リンケージ指定ですが、C と互換性のないユーザー定義の型 'std::complex<double>' を返しています。
  (ソース ファイル 'MCR-ALS/utils.cpp' をコンパイルしています)
  C:\Program Files\Microsoft Visual Studio\2022\Community\VC\Tools\MSVC\14.39.33519\include\complex(1111,7):
  'std::complex<double>' の宣言を確認してください
  
  コード生成しています。
  Previous IPDB not found, fall back to full compilation.
  All 25 functions were compiled because no usable IPDB/IOBJ from previous compilation was found.
  コード生成が終了しました。
  MCR_ALS.vcxproj -> C:\ResearchPrograms\CCD_controller_windows_form\CCD_controller_windows_form\bin\x64\Release\MCR_ALS_64.dll
