c:\ccd_controller_windows_form(newton)\mcr_als\x64\debug\vc143.pdb
c:\ccd_controller_windows_form(newton)\mcr_als\x64\debug\vc143.idb
c:\ccd_controller_windows_form(newton)\mcr_als\x64\debug\utils.obj
c:\ccd_controller_windows_form(newton)\mcr_als\x64\debug\regressors.obj
c:\ccd_controller_windows_form(newton)\mcr_als\x64\debug\mcr-als.obj
c:\ccd_controller_windows_form(newton)\mcr_als\x64\debug\linear_algebra.obj
c:\ccd_controller_windows_form(newton)\ccd_controller_windows_form\bin\x64\debug\mcr_als_64.dll
c:\ccd_controller_windows_form(newton)\ccd_controller_windows_form\bin\x64\debug\mcr_als_64.pdb
c:\ccd_controller_windows_form(newton)\ccd_controller_windows_form\bin\x64\debug\mcr_als_64.lib
c:\ccd_controller_windows_form(newton)\ccd_controller_windows_form\bin\x64\debug\mcr_als_64.exp
c:\ccd_controller_windows_form(newton)\mcr_als\x64\debug\mcr_als_64.ilk
c:\ccd_controller_windows_form(newton)\mcr_als\x64\debug\mcr-als.obj.enc
c:\ccd_controller_windows_form(newton)\mcr_als\x64\debug\mcr_als.tlog\cl.command.1.tlog
c:\ccd_controller_windows_form(newton)\mcr_als\x64\debug\mcr_als.tlog\cl.items.tlog
c:\ccd_controller_windows_form(newton)\mcr_als\x64\debug\mcr_als.tlog\cl.read.1.tlog
c:\ccd_controller_windows_form(newton)\mcr_als\x64\debug\mcr_als.tlog\cl.write.1.tlog
c:\ccd_controller_windows_form(newton)\mcr_als\x64\debug\mcr_als.tlog\link.command.1.tlog
c:\ccd_controller_windows_form(newton)\mcr_als\x64\debug\mcr_als.tlog\link.read.1.tlog
c:\ccd_controller_windows_form(newton)\mcr_als\x64\debug\mcr_als.tlog\link.secondary.1.tlog
c:\ccd_controller_windows_form(newton)\mcr_als\x64\debug\mcr_als.tlog\link.write.1.tlog
